# JRE version: OpenJDK Runtime Environment (19.0.2+7) (build 19.0.2+7-44)
# Java VM: OpenJDK 64-Bit Server VM (19.0.2+7-44, mixed mode, emulated-client, sharing, tiered, compressed oops, compressed class ptrs, g1 gc, windows-amd64)
GC Precious Log:
 CardTable entry size: 512
 Card Set container configuration: InlinePtr #cards 4 size 8 Array Of Cards #cards 16 size 48 Howl #buckets 8 coarsen threshold 3686 Howl Bitmap #cards 512 size 80 coarsen threshold 460 Card regions per heap region 1 cards per card region 4096
 CPUs: 8 total, 8 available
 Memory: 16205M
 Large Page Support: Disabled
 NUMA Support: Disabled
 Compressed Oops: Enabled (Zero based)
 Heap Region Size: 2M
 Heap Min Capacity: 8M
 Heap Initial Capacity: 254M
 Heap Max Capacity: 4052M
 Pre-touch: Disabled
 Parallel Workers: 8
 Concurrent Workers: 2
 Concurrent Refinement Workers: 8
 Periodic GC: Disabled
Heap:
 garbage-first heap   total 370688K, used 112174K [0x0000000702c00000, 0x0000000800000000)
  region size 2048K, 34 young (69632K), 2 survivors (4096K)
 Metaspace       used 70976K, committed 71680K, reserved 1114112K
  class space    used 9633K, committed 9984K, reserved 1048576K
GC Heap History (20 events):
Event: 5.292 GC heap before
{Heap before GC invocations=11 (full 0):
 garbage-first heap   total 90112K, used 28662K [0x0000000702c00000, 0x0000000800000000)
  region size 2048K, 3 young (6144K), 2 survivors (4096K)
 Metaspace       used 45661K, committed 46144K, reserved 1114112K
  class space    used 6088K, committed 6336K, reserved 1048576K
}
Event: 5.298 GC heap after
{Heap after GC invocations=12 (full 0):
 garbage-first heap   total 90112K, used 27026K [0x0000000702c00000, 0x0000000800000000)
  region size 2048K, 1 young (2048K), 1 survivors (2048K)
 Metaspace       used 45661K, committed 46144K, reserved 1114112K
  class space    used 6088K, committed 6336K, reserved 1048576K
}
Event: 5.822 GC heap before
{Heap before GC invocations=12 (full 0):
 garbage-first heap   total 90112K, used 65938K [0x0000000702c00000, 0x0000000800000000)
  region size 2048K, 21 young (43008K), 1 survivors (2048K)
 Metaspace       used 49418K, committed 49920K, reserved 1114112K
  class space    used 6721K, committed 6976K, reserved 1048576K
}
Event: 5.826 GC heap after
{Heap after GC invocations=13 (full 0):
 garbage-first heap   total 151552K, used 27917K [0x0000000702c00000, 0x0000000800000000)
  region size 2048K, 1 young (2048K), 1 survivors (2048K)
 Metaspace       used 49418K, committed 49920K, reserved 1114112K
  class space    used 6721K, committed 6976K, reserved 1048576K
}
Event: 7.144 GC heap before
{Heap before GC invocations=13 (full 0):
 garbage-first heap   total 151552K, used 115981K [0x0000000702c00000, 0x0000000800000000)
  region size 2048K, 44 young (90112K), 1 survivors (2048K)
 Metaspace       used 56660K, committed 57088K, reserved 1114112K
  class space    used 7654K, committed 7872K, reserved 1048576K
}
Event: 7.152 GC heap after
{Heap after GC invocations=14 (full 0):
 garbage-first heap   total 151552K, used 31538K [0x0000000702c00000, 0x0000000800000000)
  region size 2048K, 3 young (6144K), 3 survivors (6144K)
 Metaspace       used 56660K, committed 57088K, reserved 1114112K
  class space    used 7654K, committed 7872K, reserved 1048576K
}
Event: 7.812 GC heap before
{Heap before GC invocations=14 (full 0):
 garbage-first heap   total 151552K, used 115506K [0x0000000702c00000, 0x0000000800000000)
  region size 2048K, 44 young (90112K), 3 survivors (6144K)
 Metaspace       used 58258K, committed 58816K, reserved 1114112K
  class space    used 7856K, committed 8128K, reserved 1048576K
}
Event: 7.819 GC heap after
{Heap after GC invocations=15 (full 0):
 garbage-first heap   total 151552K, used 34390K [0x0000000702c00000, 0x0000000800000000)
  region size 2048K, 4 young (8192K), 4 survivors (8192K)
 Metaspace       used 58258K, committed 58816K, reserved 1114112K
  class space    used 7856K, committed 8128K, reserved 1048576K
}
Event: 8.317 GC heap before
{Heap before GC invocations=15 (full 0):
 garbage-first heap   total 151552K, used 116310K [0x0000000702c00000, 0x0000000800000000)
  region size 2048K, 44 young (90112K), 4 survivors (8192K)
 Metaspace       used 58671K, committed 59136K, reserved 1114112K
  class space    used 7892K, committed 8128K, reserved 1048576K
}
Event: 8.326 GC heap after
{Heap after GC invocations=16 (full 0):
 garbage-first heap   total 151552K, used 38243K [0x0000000702c00000, 0x0000000800000000)
  region size 2048K, 4 young (8192K), 4 survivors (8192K)
 Metaspace       used 58671K, committed 59136K, reserved 1114112K
  class space    used 7892K, committed 8128K, reserved 1048576K
}
Event: 8.905 GC heap before
{Heap before GC invocations=16 (full 0):
 garbage-first heap   total 151552K, used 118115K [0x0000000702c00000, 0x0000000800000000)
  region size 2048K, 43 young (88064K), 4 survivors (8192K)
 Metaspace       used 59483K, committed 60032K, reserved 1114112K
  class space    used 7954K, committed 8256K, reserved 1048576K
}
Event: 8.912 GC heap after
{Heap after GC invocations=17 (full 0):
 garbage-first heap   total 151552K, used 41614K [0x0000000702c00000, 0x0000000800000000)
  region size 2048K, 5 young (10240K), 5 survivors (10240K)
 Metaspace       used 59483K, committed 60032K, reserved 1114112K
  class space    used 7954K, committed 8256K, reserved 1048576K
}
Event: 8.976 GC heap before
{Heap before GC invocations=17 (full 0):
 garbage-first heap   total 151552K, used 45710K [0x0000000702c00000, 0x0000000800000000)
  region size 2048K, 8 young (16384K), 5 survivors (10240K)
 Metaspace       used 59804K, committed 60288K, reserved 1114112K
  class space    used 7995K, committed 8256K, reserved 1048576K
}
Event: 8.984 GC heap after
{Heap after GC invocations=18 (full 0):
 garbage-first heap   total 151552K, used 41705K [0x0000000702c00000, 0x0000000800000000)
  region size 2048K, 3 young (6144K), 3 survivors (6144K)
 Metaspace       used 59804K, committed 60288K, reserved 1114112K
  class space    used 7995K, committed 8256K, reserved 1048576K
}
Event: 10.147 GC heap before
{Heap before GC invocations=19 (full 0):
 garbage-first heap   total 151552K, used 117481K [0x0000000702c00000, 0x0000000800000000)
  region size 2048K, 40 young (81920K), 3 survivors (6144K)
 Metaspace       used 65189K, committed 65792K, reserved 1114112K
  class space    used 8785K, committed 9088K, reserved 1048576K
}
Event: 10.156 GC heap after
{Heap after GC invocations=20 (full 0):
 garbage-first heap   total 151552K, used 47062K [0x0000000702c00000, 0x0000000800000000)
  region size 2048K, 5 young (10240K), 5 survivors (10240K)
 Metaspace       used 65189K, committed 65792K, reserved 1114112K
  class space    used 8785K, committed 9088K, reserved 1048576K
}
Event: 10.160 GC heap before
{Heap before GC invocations=20 (full 0):
 garbage-first heap   total 151552K, used 49110K [0x0000000702c00000, 0x0000000800000000)
  region size 2048K, 6 young (12288K), 5 survivors (10240K)
 Metaspace       used 65189K, committed 65792K, reserved 1114112K
  class space    used 8785K, committed 9088K, reserved 1048576K
}
Event: 10.169 GC heap after
{Heap after GC invocations=21 (full 0):
 garbage-first heap   total 151552K, used 46385K [0x0000000702c00000, 0x0000000800000000)
  region size 2048K, 1 young (2048K), 1 survivors (2048K)
 Metaspace       used 65189K, committed 65792K, reserved 1114112K
  class space    used 8785K, committed 9088K, reserved 1048576K
}
Event: 10.928 GC heap before
{Heap before GC invocations=21 (full 0):
 garbage-first heap   total 151552K, used 118065K [0x0000000702c00000, 0x0000000800000000)
  region size 2048K, 36 young (73728K), 1 survivors (2048K)
 Metaspace       used 66759K, committed 67456K, reserved 1114112K
  class space    used 9100K, committed 9472K, reserved 1048576K
}
Event: 10.932 GC heap after
{Heap after GC invocations=22 (full 0):
 garbage-first heap   total 370688K, used 48686K [0x0000000702c00000, 0x0000000800000000)
  region size 2048K, 2 young (4096K), 2 survivors (4096K)
 Metaspace       used 66759K, committed 67456K, reserved 1114112K
  class space    used 9100K, committed 9472K, reserved 1048576K
}

